<?xml version="1.0" encoding="UTF-8"?>
<!-- Generated by org.testng.reporters.JUnitXMLReporter -->
<testsuite hostname="Latitude" ignored="0" name="Default test" tests="46" failures="0" timestamp="09 Mar 2018 04:36:39 GMT" time="70.365" errors="0">
  <testcase name="" time="9.263" classname="com.automationpractice.tests.ExecuteTest"/>
  <testcase name="TC # 01.01 - Shop by search and category" time="6.017" classname="com.automationpractice.tests.ExecuteTest"/>
  <testcase name="TC # 01.01 - Shop by search and category" time="0.159" classname="com.automationpractice.tests.ExecuteTest"/>
  <testcase name="TC # 01.01 - Shop by search and category" time="2.135" classname="com.automationpractice.tests.ExecuteTest"/>
  <testcase name="TC # 01.01 - Shop by search and category" time="0.039" classname="com.automationpractice.tests.ExecuteTest"/>
  <testcase name="TC # 01.01 - Shop by search and category" time="0.394" classname="com.automationpractice.tests.ExecuteTest"/>
  <testcase name="TC # 01.01 - Shop by search and category" time="0.45" classname="com.automationpractice.tests.ExecuteTest"/>
  <testcase name="TC # 01.01 - Shop by search and category" time="1.296" classname="com.automationpractice.tests.ExecuteTest"/>
  <testcase name="TC # 01.01 - Shop by search and category" time="0.033" classname="com.automationpractice.tests.ExecuteTest"/>
  <testcase name="TC # 01.01 - Shop by search and category" time="0.453" classname="com.automationpractice.tests.ExecuteTest"/>
  <testcase name="TC # 01.01 - Shop by search and category" time="1.657" classname="com.automationpractice.tests.ExecuteTest"/>
  <testcase name="TC # 01.01 - Shop by search and category" time="1.855" classname="com.automationpractice.tests.ExecuteTest"/>
  <testcase name="TC # 01.01 - Shop by search and category" time="0.38" classname="com.automationpractice.tests.ExecuteTest"/>
  <testcase name="TC # 01.01 - Shop by search and category" time="0.984" classname="com.automationpractice.tests.ExecuteTest"/>
  <testcase name="TC # 01.01 - Shop by search and category" time="1.802" classname="com.automationpractice.tests.ExecuteTest"/>
  <testcase name="TC # 01.01 - Shop by search and category" time="3.573" classname="com.automationpractice.tests.ExecuteTest"/>
  <testcase name="TC # 01.01 - Shop by search and category" time="2.608" classname="com.automationpractice.tests.ExecuteTest"/>
  <testcase name="TC # 01.01 - Shop by search and category" time="1.467" classname="com.automationpractice.tests.ExecuteTest"/>
  <testcase name="TC # 01.01 - Shop by search and category" time="0.33" classname="com.automationpractice.tests.ExecuteTest"/>
  <testcase name="TC # 01.01 - Shop by search and category" time="2.031" classname="com.automationpractice.tests.ExecuteTest"/>
  <testcase name="TC # 01.01 - Shop by search and category" time="0.341" classname="com.automationpractice.tests.ExecuteTest"/>
  <testcase name="TC # 01.01 - Shop by search and category" time="0.073" classname="com.automationpractice.tests.ExecuteTest"/>
  <testcase name="TC # 01.01 - Shop by search and category" time="0.77" classname="com.automationpractice.tests.ExecuteTest"/>
  <testcase name="" time="3.078" classname="com.automationpractice.tests.ExecuteTest"/>
  <testcase name="TC # 01.02 - Test" time="5.272" classname="com.automationpractice.tests.ExecuteTest"/>
  <testcase name="TC # 01.02 - Test" time="0.047" classname="com.automationpractice.tests.ExecuteTest"/>
  <testcase name="TC # 01.02 - Test" time="1.941" classname="com.automationpractice.tests.ExecuteTest"/>
  <testcase name="TC # 01.02 - Test" time="0.033" classname="com.automationpractice.tests.ExecuteTest"/>
  <testcase name="TC # 01.02 - Test" time="0.53" classname="com.automationpractice.tests.ExecuteTest"/>
  <testcase name="TC # 01.02 - Test" time="0.269" classname="com.automationpractice.tests.ExecuteTest"/>
  <testcase name="TC # 01.02 - Test" time="1.258" classname="com.automationpractice.tests.ExecuteTest"/>
  <testcase name="TC # 01.02 - Test" time="0.033" classname="com.automationpractice.tests.ExecuteTest"/>
  <testcase name="TC # 01.02 - Test" time="0.302" classname="com.automationpractice.tests.ExecuteTest"/>
  <testcase name="TC # 01.02 - Test" time="2.238" classname="com.automationpractice.tests.ExecuteTest"/>
  <testcase name="TC # 01.02 - Test" time="2.076" classname="com.automationpractice.tests.ExecuteTest"/>
  <testcase name="TC # 01.02 - Test" time="0.399" classname="com.automationpractice.tests.ExecuteTest"/>
  <testcase name="TC # 01.02 - Test" time="1.045" classname="com.automationpractice.tests.ExecuteTest"/>
  <testcase name="TC # 01.02 - Test" time="1.91" classname="com.automationpractice.tests.ExecuteTest"/>
  <testcase name="TC # 01.02 - Test" time="2.222" classname="com.automationpractice.tests.ExecuteTest"/>
  <testcase name="TC # 01.02 - Test" time="1.704" classname="com.automationpractice.tests.ExecuteTest"/>
  <testcase name="TC # 01.02 - Test" time="1.569" classname="com.automationpractice.tests.ExecuteTest"/>
  <testcase name="TC # 01.02 - Test" time="0.325" classname="com.automationpractice.tests.ExecuteTest"/>
  <testcase name="TC # 01.02 - Test" time="1.89" classname="com.automationpractice.tests.ExecuteTest"/>
  <testcase name="TC # 01.02 - Test" time="0.135" classname="com.automationpractice.tests.ExecuteTest"/>
  <testcase name="TC # 01.02 - Test" time="0.097" classname="com.automationpractice.tests.ExecuteTest"/>
  <testcase name="TC # 01.02 - Test" time="0.631" classname="com.automationpractice.tests.ExecuteTest"/>
</testsuite> <!-- Default test -->
