<?xml version="1.0" encoding="UTF-8"?>
<!-- Generated by org.testng.reporters.JUnitXMLReporter -->
<testsuite hostname="Latitude" ignored="0" name="Default test" tests="48" failures="0" timestamp="25 Mar 2018 07:01:09 GMT" time="68.068" errors="0">
  <testcase name="" time="5.389" classname="com.automationpractice.tests.ExecuteTest"/>
  <testcase name="TC # 01.01 - Shop by search and category" time="9.901" classname="com.automationpractice.tests.ExecuteTest"/>
  <testcase name="TC # 01.01 - Shop by search and category" time="0.088" classname="com.automationpractice.tests.ExecuteTest"/>
  <testcase name="TC # 01.01 - Shop by search and category" time="1.892" classname="com.automationpractice.tests.ExecuteTest"/>
  <testcase name="TC # 01.01 - Shop by search and category" time="0.021" classname="com.automationpractice.tests.ExecuteTest"/>
  <testcase name="TC # 01.01 - Shop by search and category" time="0.19" classname="com.automationpractice.tests.ExecuteTest"/>
  <testcase name="TC # 01.01 - Shop by search and category" time="0.2" classname="com.automationpractice.tests.ExecuteTest"/>
  <testcase name="TC # 01.01 - Shop by search and category" time="1.068" classname="com.automationpractice.tests.ExecuteTest"/>
  <testcase name="TC # 01.01 - Shop by search and category" time="0.026" classname="com.automationpractice.tests.ExecuteTest"/>
  <testcase name="TC # 01.01 - Shop by search and category" time="0.176" classname="com.automationpractice.tests.ExecuteTest"/>
  <testcase name="TC # 01.01 - Shop by search and category" time="1.665" classname="com.automationpractice.tests.ExecuteTest"/>
  <testcase name="TC # 01.01 - Shop by search and category" time="1.281" classname="com.automationpractice.tests.ExecuteTest"/>
  <testcase name="TC # 01.01 - Shop by search and category" time="0.192" classname="com.automationpractice.tests.ExecuteTest"/>
  <testcase name="TC # 01.01 - Shop by search and category" time="0.709" classname="com.automationpractice.tests.ExecuteTest"/>
  <testcase name="TC # 01.01 - Shop by search and category" time="1.752" classname="com.automationpractice.tests.ExecuteTest"/>
  <testcase name="TC # 01.01 - Shop by search and category" time="1.954" classname="com.automationpractice.tests.ExecuteTest"/>
  <testcase name="TC # 01.01 - Shop by search and category" time="1.238" classname="com.automationpractice.tests.ExecuteTest"/>
  <testcase name="TC # 01.01 - Shop by search and category" time="1.478" classname="com.automationpractice.tests.ExecuteTest"/>
  <testcase name="TC # 01.01 - Shop by search and category" time="0.196" classname="com.automationpractice.tests.ExecuteTest"/>
  <testcase name="TC # 01.01 - Shop by search and category" time="2.254" classname="com.automationpractice.tests.ExecuteTest"/>
  <testcase name="TC # 01.01 - Shop by search and category" time="0.103" classname="com.automationpractice.tests.ExecuteTest"/>
  <testcase name="TC # 01.01 - Shop by search and category" time="0.06" classname="com.automationpractice.tests.ExecuteTest"/>
  <testcase name="TC # 01.01 - Shop by search and category" time="0.58" classname="com.automationpractice.tests.ExecuteTest"/>
  <testcase name="TC # 01.01 - Shop by search and category" time="1.905" classname="com.automationpractice.tests.ExecuteTest"/>
  <testcase name="TC # 01.02 - Sign Up" time="8.307" classname="com.automationpractice.tests.ExecuteTest"/>
  <testcase name="TC # 01.02 - Sign Up" time="0.047" classname="com.automationpractice.tests.ExecuteTest"/>
  <testcase name="TC # 01.02 - Sign Up" time="1.57" classname="com.automationpractice.tests.ExecuteTest"/>
  <testcase name="TC # 01.02 - Sign Up" time="0.032" classname="com.automationpractice.tests.ExecuteTest"/>
  <testcase name="TC # 01.02 - Sign Up" time="0.215" classname="com.automationpractice.tests.ExecuteTest"/>
  <testcase name="TC # 01.02 - Sign Up" time="0.163" classname="com.automationpractice.tests.ExecuteTest"/>
  <testcase name="TC # 01.02 - Sign Up" time="2.21" classname="com.automationpractice.tests.ExecuteTest"/>
  <testcase name="TC # 01.02 - Sign Up" time="0.136" classname="com.automationpractice.tests.ExecuteTest"/>
  <testcase name="TC # 01.02 - Sign Up" time="0.139" classname="com.automationpractice.tests.ExecuteTest"/>
  <testcase name="TC # 01.02 - Sign Up" time="0.173" classname="com.automationpractice.tests.ExecuteTest"/>
  <testcase name="TC # 01.02 - Sign Up" time="0.218" classname="com.automationpractice.tests.ExecuteTest"/>
  <testcase name="TC # 01.02 - Sign Up" time="0.168" classname="com.automationpractice.tests.ExecuteTest"/>
  <testcase name="TC # 01.02 - Sign Up" time="0.306" classname="com.automationpractice.tests.ExecuteTest"/>
  <testcase name="TC # 01.02 - Sign Up" time="0.132" classname="com.automationpractice.tests.ExecuteTest"/>
  <testcase name="TC # 01.02 - Sign Up" time="0.165" classname="com.automationpractice.tests.ExecuteTest"/>
  <testcase name="TC # 01.02 - Sign Up" time="1.311" classname="com.automationpractice.tests.ExecuteTest"/>
  <testcase name="TC # 01.02 - Sign Up" time="0.025" classname="com.automationpractice.tests.ExecuteTest"/>
  <testcase name="TC # 01.02 - Sign Up" time="0.61" classname="com.automationpractice.tests.ExecuteTest"/>
  <testcase name="TC # 01.02 - Sign Up" time="1.89" classname="com.automationpractice.tests.ExecuteTest"/>
  <testcase name="TC # 01.03 - Hero Image Verification" time="4.312" classname="com.automationpractice.tests.ExecuteTest"/>
  <testcase name="TC # 01.03 - Hero Image Verification" time="0.043" classname="com.automationpractice.tests.ExecuteTest"/>
  <testcase name="TC # 01.03 - Hero Image Verification" time="8.547" classname="com.automationpractice.tests.ExecuteTest"/>
  <testcase name="TC # 01.03 - Hero Image Verification" time="0.048" classname="com.automationpractice.tests.ExecuteTest"/>
  <testcase name="TC # 01.03 - Hero Image Verification" time="0.561" classname="com.automationpractice.tests.ExecuteTest"/>
</testsuite> <!-- Default test -->
