<?xml version="1.0" encoding="UTF-8"?>
<testng-results skipped="0" failed="0" ignored="0" total="24" passed="24">
  <reporter-output>
  </reporter-output>
  <suite name="Default suite" duration-ms="21152" started-at="2017-12-27T06:41:18Z" finished-at="2017-12-27T06:41:39Z">
    <groups>
    </groups>
    <test name="Default test" duration-ms="21152" started-at="2017-12-27T06:41:18Z" finished-at="2017-12-27T06:41:39Z">
      <class name="core.tests.ExecuteTest">
        <test-method status="PASS" signature="uiTest(java.lang.String, java.lang.String, java.lang.String, java.lang.String, java.lang.String)[pri:0, instance:core.tests.ExecuteTest@2cc75074]" name="uiTest" duration-ms="4869" started-at="2017-12-26T22:41:20Z" data-provider="UIData" finished-at="2017-12-26T22:41:25Z">
          <params>
            <param index="0">
              <value>
                <![CDATA[TC # 01.01 - Navigate to the WebApp]]>
              </value>
            </param>
            <param index="1">
              <value>
                <![CDATA[]]>
              </value>
            </param>
            <param index="2">
              <value>
                <![CDATA[]]>
              </value>
            </param>
            <param index="3">
              <value>
                <![CDATA[]]>
              </value>
            </param>
            <param index="4">
              <value>
                <![CDATA[]]>
              </value>
            </param>
          </params>
          <reporter-output>
          </reporter-output>
        </test-method> <!-- uiTest -->
        <test-method status="PASS" signature="uiTest(java.lang.String, java.lang.String, java.lang.String, java.lang.String, java.lang.String)[pri:0, instance:core.tests.ExecuteTest@2cc75074]" name="uiTest" duration-ms="584" started-at="2017-12-26T22:41:25Z" data-provider="UIData" finished-at="2017-12-26T22:41:25Z">
          <params>
            <param index="0">
              <value>
                <![CDATA[]]>
              </value>
            </param>
            <param index="1">
              <value>
                <![CDATA[GOTOURL]]>
              </value>
            </param>
            <param index="2">
              <value>
                <![CDATA[]]>
              </value>
            </param>
            <param index="3">
              <value>
                <![CDATA[]]>
              </value>
            </param>
            <param index="4">
              <value>
                <![CDATA[http://demo.guru99.com/V4/]]>
              </value>
            </param>
          </params>
          <reporter-output>
          </reporter-output>
        </test-method> <!-- uiTest -->
        <test-method status="PASS" signature="uiTest(java.lang.String, java.lang.String, java.lang.String, java.lang.String, java.lang.String)[pri:0, instance:core.tests.ExecuteTest@2cc75074]" name="uiTest" duration-ms="5" started-at="2017-12-26T22:41:25Z" data-provider="UIData" finished-at="2017-12-26T22:41:25Z">
          <params>
            <param index="0">
              <value>
                <![CDATA[]]>
              </value>
            </param>
            <param index="1">
              <value>
                <![CDATA[]]>
              </value>
            </param>
            <param index="2">
              <value>
                <![CDATA[]]>
              </value>
            </param>
            <param index="3">
              <value>
                <![CDATA[]]>
              </value>
            </param>
            <param index="4">
              <value>
                <![CDATA[]]>
              </value>
            </param>
          </params>
          <reporter-output>
          </reporter-output>
        </test-method> <!-- uiTest -->
        <test-method status="PASS" signature="uiTest(java.lang.String, java.lang.String, java.lang.String, java.lang.String, java.lang.String)[pri:0, instance:core.tests.ExecuteTest@2cc75074]" name="uiTest" duration-ms="133" started-at="2017-12-26T22:41:25Z" data-provider="UIData" finished-at="2017-12-26T22:41:26Z">
          <params>
            <param index="0">
              <value>
                <![CDATA[]]>
              </value>
            </param>
            <param index="1">
              <value>
                <![CDATA[VERIFYTITLE]]>
              </value>
            </param>
            <param index="2">
              <value>
                <![CDATA[title]]>
              </value>
            </param>
            <param index="3">
              <value>
                <![CDATA[css]]>
              </value>
            </param>
            <param index="4">
              <value>
                <![CDATA[Guru99 Bank Home Page]]>
              </value>
            </param>
          </params>
          <reporter-output>
          </reporter-output>
        </test-method> <!-- uiTest -->
        <test-method status="PASS" signature="uiTest(java.lang.String, java.lang.String, java.lang.String, java.lang.String, java.lang.String)[pri:0, instance:core.tests.ExecuteTest@2cc75074]" name="uiTest" duration-ms="920" started-at="2017-12-26T22:41:26Z" data-provider="UIData" finished-at="2017-12-26T22:41:26Z">
          <params>
            <param index="0">
              <value>
                <![CDATA[]]>
              </value>
            </param>
            <param index="1">
              <value>
                <![CDATA[CLOSEBROWSER]]>
              </value>
            </param>
            <param index="2">
              <value>
                <![CDATA[]]>
              </value>
            </param>
            <param index="3">
              <value>
                <![CDATA[]]>
              </value>
            </param>
            <param index="4">
              <value>
                <![CDATA[]]>
              </value>
            </param>
          </params>
          <reporter-output>
          </reporter-output>
        </test-method> <!-- uiTest -->
        <test-method status="PASS" signature="uiTest(java.lang.String, java.lang.String, java.lang.String, java.lang.String, java.lang.String)[pri:0, instance:core.tests.ExecuteTest@2cc75074]" name="uiTest" duration-ms="1983" started-at="2017-12-26T22:41:26Z" data-provider="UIData" finished-at="2017-12-26T22:41:28Z">
          <params>
            <param index="0">
              <value>
                <![CDATA[TC # 01.02 - Login In Application]]>
              </value>
            </param>
            <param index="1">
              <value>
                <![CDATA[]]>
              </value>
            </param>
            <param index="2">
              <value>
                <![CDATA[]]>
              </value>
            </param>
            <param index="3">
              <value>
                <![CDATA[]]>
              </value>
            </param>
            <param index="4">
              <value>
                <![CDATA[]]>
              </value>
            </param>
          </params>
          <reporter-output>
          </reporter-output>
        </test-method> <!-- uiTest -->
        <test-method status="PASS" signature="uiTest(java.lang.String, java.lang.String, java.lang.String, java.lang.String, java.lang.String)[pri:0, instance:core.tests.ExecuteTest@2cc75074]" name="uiTest" duration-ms="679" started-at="2017-12-26T22:41:28Z" data-provider="UIData" finished-at="2017-12-26T22:41:29Z">
          <params>
            <param index="0">
              <value>
                <![CDATA[]]>
              </value>
            </param>
            <param index="1">
              <value>
                <![CDATA[GOTOURL]]>
              </value>
            </param>
            <param index="2">
              <value>
                <![CDATA[]]>
              </value>
            </param>
            <param index="3">
              <value>
                <![CDATA[]]>
              </value>
            </param>
            <param index="4">
              <value>
                <![CDATA[http://demo.guru99.com/V4/]]>
              </value>
            </param>
          </params>
          <reporter-output>
          </reporter-output>
        </test-method> <!-- uiTest -->
        <test-method status="PASS" signature="uiTest(java.lang.String, java.lang.String, java.lang.String, java.lang.String, java.lang.String)[pri:0, instance:core.tests.ExecuteTest@2cc75074]" name="uiTest" duration-ms="203" started-at="2017-12-26T22:41:29Z" data-provider="UIData" finished-at="2017-12-26T22:41:29Z">
          <params>
            <param index="0">
              <value>
                <![CDATA[]]>
              </value>
            </param>
            <param index="1">
              <value>
                <![CDATA[SETTEXT]]>
              </value>
            </param>
            <param index="2">
              <value>
                <![CDATA[username]]>
              </value>
            </param>
            <param index="3">
              <value>
                <![CDATA[name]]>
              </value>
            </param>
            <param index="4">
              <value>
                <![CDATA[mngr111078]]>
              </value>
            </param>
          </params>
          <reporter-output>
          </reporter-output>
        </test-method> <!-- uiTest -->
        <test-method status="PASS" signature="uiTest(java.lang.String, java.lang.String, java.lang.String, java.lang.String, java.lang.String)[pri:0, instance:core.tests.ExecuteTest@2cc75074]" name="uiTest" duration-ms="173" started-at="2017-12-26T22:41:29Z" data-provider="UIData" finished-at="2017-12-26T22:41:30Z">
          <params>
            <param index="0">
              <value>
                <![CDATA[]]>
              </value>
            </param>
            <param index="1">
              <value>
                <![CDATA[SETTEXT]]>
              </value>
            </param>
            <param index="2">
              <value>
                <![CDATA[password]]>
              </value>
            </param>
            <param index="3">
              <value>
                <![CDATA[name]]>
              </value>
            </param>
            <param index="4">
              <value>
                <![CDATA[EdevetY]]>
              </value>
            </param>
          </params>
          <reporter-output>
          </reporter-output>
        </test-method> <!-- uiTest -->
        <test-method status="PASS" signature="uiTest(java.lang.String, java.lang.String, java.lang.String, java.lang.String, java.lang.String)[pri:0, instance:core.tests.ExecuteTest@2cc75074]" name="uiTest" duration-ms="555" started-at="2017-12-26T22:41:30Z" data-provider="UIData" finished-at="2017-12-26T22:41:30Z">
          <params>
            <param index="0">
              <value>
                <![CDATA[]]>
              </value>
            </param>
            <param index="1">
              <value>
                <![CDATA[CLICK]]>
              </value>
            </param>
            <param index="2">
              <value>
                <![CDATA[loginButton]]>
              </value>
            </param>
            <param index="3">
              <value>
                <![CDATA[name]]>
              </value>
            </param>
            <param index="4">
              <value>
                <![CDATA[]]>
              </value>
            </param>
          </params>
          <reporter-output>
          </reporter-output>
        </test-method> <!-- uiTest -->
        <test-method status="PASS" signature="uiTest(java.lang.String, java.lang.String, java.lang.String, java.lang.String, java.lang.String)[pri:0, instance:core.tests.ExecuteTest@2cc75074]" name="uiTest" duration-ms="109" started-at="2017-12-26T22:41:30Z" data-provider="UIData" finished-at="2017-12-26T22:41:30Z">
          <params>
            <param index="0">
              <value>
                <![CDATA[]]>
              </value>
            </param>
            <param index="1">
              <value>
                <![CDATA[VERIFYTITLE]]>
              </value>
            </param>
            <param index="2">
              <value>
                <![CDATA[title]]>
              </value>
            </param>
            <param index="3">
              <value>
                <![CDATA[css]]>
              </value>
            </param>
            <param index="4">
              <value>
                <![CDATA[Guru99 Bank Manager HomePage]]>
              </value>
            </param>
          </params>
          <reporter-output>
          </reporter-output>
        </test-method> <!-- uiTest -->
        <test-method status="PASS" signature="uiTest(java.lang.String, java.lang.String, java.lang.String, java.lang.String, java.lang.String)[pri:0, instance:core.tests.ExecuteTest@2cc75074]" name="uiTest" duration-ms="417" started-at="2017-12-26T22:41:30Z" data-provider="UIData" finished-at="2017-12-26T22:41:31Z">
          <params>
            <param index="0">
              <value>
                <![CDATA[]]>
              </value>
            </param>
            <param index="1">
              <value>
                <![CDATA[CLICK]]>
              </value>
            </param>
            <param index="2">
              <value>
                <![CDATA[logoutButton]]>
              </value>
            </param>
            <param index="3">
              <value>
                <![CDATA[css]]>
              </value>
            </param>
            <param index="4">
              <value>
                <![CDATA[]]>
              </value>
            </param>
          </params>
          <reporter-output>
          </reporter-output>
        </test-method> <!-- uiTest -->
        <test-method status="PASS" signature="uiTest(java.lang.String, java.lang.String, java.lang.String, java.lang.String, java.lang.String)[pri:0, instance:core.tests.ExecuteTest@2cc75074]" name="uiTest" duration-ms="495" started-at="2017-12-26T22:41:31Z" data-provider="UIData" finished-at="2017-12-26T22:41:31Z">
          <params>
            <param index="0">
              <value>
                <![CDATA[]]>
              </value>
            </param>
            <param index="1">
              <value>
                <![CDATA[CLOSEALERT]]>
              </value>
            </param>
            <param index="2">
              <value>
                <![CDATA[]]>
              </value>
            </param>
            <param index="3">
              <value>
                <![CDATA[]]>
              </value>
            </param>
            <param index="4">
              <value>
                <![CDATA[You Have Succesfully Logged Out!!]]>
              </value>
            </param>
          </params>
          <reporter-output>
          </reporter-output>
        </test-method> <!-- uiTest -->
        <test-method status="PASS" signature="uiTest(java.lang.String, java.lang.String, java.lang.String, java.lang.String, java.lang.String)[pri:0, instance:core.tests.ExecuteTest@2cc75074]" name="uiTest" duration-ms="729" started-at="2017-12-26T22:41:31Z" data-provider="UIData" finished-at="2017-12-26T22:41:32Z">
          <params>
            <param index="0">
              <value>
                <![CDATA[]]>
              </value>
            </param>
            <param index="1">
              <value>
                <![CDATA[CLOSEBROWSER]]>
              </value>
            </param>
            <param index="2">
              <value>
                <![CDATA[]]>
              </value>
            </param>
            <param index="3">
              <value>
                <![CDATA[]]>
              </value>
            </param>
            <param index="4">
              <value>
                <![CDATA[]]>
              </value>
            </param>
          </params>
          <reporter-output>
          </reporter-output>
        </test-method> <!-- uiTest -->
        <test-method status="PASS" signature="uiTest(java.lang.String, java.lang.String, java.lang.String, java.lang.String, java.lang.String)[pri:0, instance:core.tests.ExecuteTest@2cc75074]" name="uiTest" duration-ms="1928" started-at="2017-12-26T22:41:32Z" data-provider="UIData" finished-at="2017-12-26T22:41:34Z">
          <params>
            <param index="0">
              <value>
                <![CDATA[TC # 01.03 - Reset Login In Application]]>
              </value>
            </param>
            <param index="1">
              <value>
                <![CDATA[]]>
              </value>
            </param>
            <param index="2">
              <value>
                <![CDATA[]]>
              </value>
            </param>
            <param index="3">
              <value>
                <![CDATA[]]>
              </value>
            </param>
            <param index="4">
              <value>
                <![CDATA[]]>
              </value>
            </param>
          </params>
          <reporter-output>
          </reporter-output>
        </test-method> <!-- uiTest -->
        <test-method status="PASS" signature="uiTest(java.lang.String, java.lang.String, java.lang.String, java.lang.String, java.lang.String)[pri:0, instance:core.tests.ExecuteTest@2cc75074]" name="uiTest" duration-ms="525" started-at="2017-12-26T22:41:34Z" data-provider="UIData" finished-at="2017-12-26T22:41:34Z">
          <params>
            <param index="0">
              <value>
                <![CDATA[]]>
              </value>
            </param>
            <param index="1">
              <value>
                <![CDATA[GOTOURL]]>
              </value>
            </param>
            <param index="2">
              <value>
                <![CDATA[]]>
              </value>
            </param>
            <param index="3">
              <value>
                <![CDATA[]]>
              </value>
            </param>
            <param index="4">
              <value>
                <![CDATA[http://demo.guru99.com/V4/]]>
              </value>
            </param>
          </params>
          <reporter-output>
          </reporter-output>
        </test-method> <!-- uiTest -->
        <test-method status="PASS" signature="uiTest(java.lang.String, java.lang.String, java.lang.String, java.lang.String, java.lang.String)[pri:0, instance:core.tests.ExecuteTest@2cc75074]" name="uiTest" duration-ms="144" started-at="2017-12-26T22:41:34Z" data-provider="UIData" finished-at="2017-12-26T22:41:34Z">
          <params>
            <param index="0">
              <value>
                <![CDATA[]]>
              </value>
            </param>
            <param index="1">
              <value>
                <![CDATA[SETTEXT]]>
              </value>
            </param>
            <param index="2">
              <value>
                <![CDATA[username]]>
              </value>
            </param>
            <param index="3">
              <value>
                <![CDATA[name]]>
              </value>
            </param>
            <param index="4">
              <value>
                <![CDATA[mgr123]]>
              </value>
            </param>
          </params>
          <reporter-output>
          </reporter-output>
        </test-method> <!-- uiTest -->
        <test-method status="PASS" signature="uiTest(java.lang.String, java.lang.String, java.lang.String, java.lang.String, java.lang.String)[pri:0, instance:core.tests.ExecuteTest@2cc75074]" name="uiTest" duration-ms="134" started-at="2017-12-26T22:41:34Z" data-provider="UIData" finished-at="2017-12-26T22:41:35Z">
          <params>
            <param index="0">
              <value>
                <![CDATA[]]>
              </value>
            </param>
            <param index="1">
              <value>
                <![CDATA[SETTEXT]]>
              </value>
            </param>
            <param index="2">
              <value>
                <![CDATA[password]]>
              </value>
            </param>
            <param index="3">
              <value>
                <![CDATA[name]]>
              </value>
            </param>
            <param index="4">
              <value>
                <![CDATA[mgr!2]]>
              </value>
            </param>
          </params>
          <reporter-output>
          </reporter-output>
        </test-method> <!-- uiTest -->
        <test-method status="PASS" signature="uiTest(java.lang.String, java.lang.String, java.lang.String, java.lang.String, java.lang.String)[pri:0, instance:core.tests.ExecuteTest@2cc75074]" name="uiTest" duration-ms="134" started-at="2017-12-26T22:41:35Z" data-provider="UIData" finished-at="2017-12-26T22:41:35Z">
          <params>
            <param index="0">
              <value>
                <![CDATA[]]>
              </value>
            </param>
            <param index="1">
              <value>
                <![CDATA[CLICK]]>
              </value>
            </param>
            <param index="2">
              <value>
                <![CDATA[resetButton]]>
              </value>
            </param>
            <param index="3">
              <value>
                <![CDATA[name]]>
              </value>
            </param>
            <param index="4">
              <value is-null="true"/>
            </param>
          </params>
          <reporter-output>
          </reporter-output>
        </test-method> <!-- uiTest -->
        <test-method status="PASS" signature="uiTest(java.lang.String, java.lang.String, java.lang.String, java.lang.String, java.lang.String)[pri:0, instance:core.tests.ExecuteTest@2cc75074]" name="uiTest" duration-ms="766" started-at="2017-12-26T22:41:35Z" data-provider="UIData" finished-at="2017-12-26T22:41:35Z">
          <params>
            <param index="0">
              <value>
                <![CDATA[]]>
              </value>
            </param>
            <param index="1">
              <value>
                <![CDATA[CLOSEBROWSER]]>
              </value>
            </param>
            <param index="2">
              <value>
                <![CDATA[]]>
              </value>
            </param>
            <param index="3">
              <value>
                <![CDATA[]]>
              </value>
            </param>
            <param index="4">
              <value>
                <![CDATA[]]>
              </value>
            </param>
          </params>
          <reporter-output>
          </reporter-output>
        </test-method> <!-- uiTest -->
        <test-method status="PASS" signature="uiTest(java.lang.String, java.lang.String, java.lang.String, java.lang.String, java.lang.String)[pri:0, instance:core.tests.ExecuteTest@2cc75074]" name="uiTest" duration-ms="1892" started-at="2017-12-26T22:41:35Z" data-provider="UIData" finished-at="2017-12-26T22:41:37Z">
          <params>
            <param index="0">
              <value>
                <![CDATA[TC # 01.04 - Check Lenta]]>
              </value>
            </param>
            <param index="1">
              <value>
                <![CDATA[]]>
              </value>
            </param>
            <param index="2">
              <value>
                <![CDATA[]]>
              </value>
            </param>
            <param index="3">
              <value>
                <![CDATA[]]>
              </value>
            </param>
            <param index="4">
              <value>
                <![CDATA[]]>
              </value>
            </param>
          </params>
          <reporter-output>
          </reporter-output>
        </test-method> <!-- uiTest -->
        <test-method status="PASS" signature="uiTest(java.lang.String, java.lang.String, java.lang.String, java.lang.String, java.lang.String)[pri:0, instance:core.tests.ExecuteTest@2cc75074]" name="uiTest" duration-ms="492" started-at="2017-12-26T22:41:37Z" data-provider="UIData" finished-at="2017-12-26T22:41:38Z">
          <params>
            <param index="0">
              <value>
                <![CDATA[]]>
              </value>
            </param>
            <param index="1">
              <value>
                <![CDATA[GOTOURL]]>
              </value>
            </param>
            <param index="2">
              <value>
                <![CDATA[]]>
              </value>
            </param>
            <param index="3">
              <value>
                <![CDATA[]]>
              </value>
            </param>
            <param index="4">
              <value>
                <![CDATA[http://demo.guru99.com/V4/]]>
              </value>
            </param>
          </params>
          <reporter-output>
          </reporter-output>
        </test-method> <!-- uiTest -->
        <test-method status="PASS" signature="uiTest(java.lang.String, java.lang.String, java.lang.String, java.lang.String, java.lang.String)[pri:0, instance:core.tests.ExecuteTest@2cc75074]" name="uiTest" duration-ms="98" started-at="2017-12-26T22:41:38Z" data-provider="UIData" finished-at="2017-12-26T22:41:38Z">
          <params>
            <param index="0">
              <value>
                <![CDATA[]]>
              </value>
            </param>
            <param index="1">
              <value>
                <![CDATA[VERIFYTITLE]]>
              </value>
            </param>
            <param index="2">
              <value>
                <![CDATA[title]]>
              </value>
            </param>
            <param index="3">
              <value>
                <![CDATA[css]]>
              </value>
            </param>
            <param index="4">
              <value>
                <![CDATA[Guru99 Bank Home Page]]>
              </value>
            </param>
          </params>
          <reporter-output>
          </reporter-output>
        </test-method> <!-- uiTest -->
        <test-method status="PASS" signature="uiTest(java.lang.String, java.lang.String, java.lang.String, java.lang.String, java.lang.String)[pri:0, instance:core.tests.ExecuteTest@2cc75074]" name="uiTest" duration-ms="717" started-at="2017-12-26T22:41:38Z" data-provider="UIData" finished-at="2017-12-26T22:41:39Z">
          <params>
            <param index="0">
              <value>
                <![CDATA[]]>
              </value>
            </param>
            <param index="1">
              <value>
                <![CDATA[CLOSEBROWSER]]>
              </value>
            </param>
            <param index="2">
              <value>
                <![CDATA[]]>
              </value>
            </param>
            <param index="3">
              <value>
                <![CDATA[]]>
              </value>
            </param>
            <param index="4">
              <value>
                <![CDATA[]]>
              </value>
            </param>
          </params>
          <reporter-output>
          </reporter-output>
        </test-method> <!-- uiTest -->
      </class> <!-- core.tests.ExecuteTest -->
    </test> <!-- Default test -->
  </suite> <!-- Default suite -->
</testng-results>
